2014-04-26 01:12:36,632 - Trying to use logger class org.apache.velocity.runtime.log.Log4JLogChute
2014-04-26 01:12:36,632 - Using logger class org.apache.velocity.runtime.log.Log4JLogChute
2014-04-26 01:12:36,641 - ResourceLoader instantiated: org.apache.velocity.runtime.resource.loader.FileResourceLoader
2014-04-26 01:12:36,643 - Do unicode file recognition:  false
2014-04-26 01:12:36,643 - FileResourceLoader : adding path '.'
2014-04-26 01:12:36,676 - ResourceCache: initialized (class org.apache.velocity.runtime.resource.ResourceCacheImpl) with class java.util.Collections$SynchronizedMap cache map.
2014-04-26 01:12:36,679 - Loaded System Directive: org.apache.velocity.runtime.directive.Stop
2014-04-26 01:12:36,696 - Loaded System Directive: org.apache.velocity.runtime.directive.Define
2014-04-26 01:12:36,697 - Loaded System Directive: org.apache.velocity.runtime.directive.Break
2014-04-26 01:12:36,699 - Loaded System Directive: org.apache.velocity.runtime.directive.Evaluate
2014-04-26 01:12:36,700 - Loaded System Directive: org.apache.velocity.runtime.directive.Literal
2014-04-26 01:12:36,701 - Loaded System Directive: org.apache.velocity.runtime.directive.Macro
2014-04-26 01:12:36,703 - Loaded System Directive: org.apache.velocity.runtime.directive.Parse
2014-04-26 01:12:36,705 - Loaded System Directive: org.apache.velocity.runtime.directive.Include
2014-04-26 01:12:36,706 - Loaded System Directive: org.apache.velocity.runtime.directive.Foreach
2014-04-26 01:12:36,789 - Created '20' parsers.
2014-04-26 01:12:36,798 - Velocimacro : "velocimacro.library" is not set.  Trying default library: VM_global_library.vm
2014-04-26 01:12:36,798 - Velocimacro : Default library not found.
2014-04-26 01:12:36,798 - Velocimacro : allowInline = true : VMs can be defined inline in templates
2014-04-26 01:12:36,798 - Velocimacro : allowInlineToOverride = false : VMs defined inline may NOT replace previous VM definitions
2014-04-26 01:12:36,798 - Velocimacro : allowInlineLocal = false : VMs defined inline will be global in scope if allowed.
2014-04-26 01:12:36,798 - Velocimacro : autoload off : VM system will not automatically reload global library macros
2014-04-26 01:12:36,835 - ResourceManager : found conf/template.vm with loader org.apache.velocity.runtime.resource.loader.FileResourceLoader
2014-04-26 01:16:21,999 - Log4JLogChute initialized using file 'velocity.log'
2014-04-26 01:16:21,999 - Initializing Velocity, Calling init()...
2014-04-26 01:16:21,999 - Starting Apache Velocity v1.7 (compiled: 2010-11-19 12:14:37)
2014-04-26 01:16:21,999 - Default Properties File: org\apache\velocity\runtime\defaults\velocity.properties
2014-04-26 01:16:21,999 - Trying to use logger class org.apache.velocity.runtime.log.AvalonLogChute
2014-04-26 01:16:22,000 - Target log system for org.apache.velocity.runtime.log.AvalonLogChute is not available (java.lang.NoClassDefFoundError: org/apache/log/format/Formatter).  Falling back to next log system...
2014-04-26 01:16:22,000 - Trying to use logger class org.apache.velocity.runtime.log.Log4JLogChute
2014-04-26 01:16:22,000 - Using logger class org.apache.velocity.runtime.log.Log4JLogChute
2014-04-26 01:16:22,007 - ResourceLoader instantiated: org.apache.velocity.runtime.resource.loader.FileResourceLoader
2014-04-26 01:16:22,009 - Do unicode file recognition:  false
2014-04-26 01:16:22,009 - FileResourceLoader : adding path '.'
2014-04-26 01:16:22,033 - ResourceCache: initialized (class org.apache.velocity.runtime.resource.ResourceCacheImpl) with class java.util.Collections$SynchronizedMap cache map.
2014-04-26 01:16:22,035 - Loaded System Directive: org.apache.velocity.runtime.directive.Stop
2014-04-26 01:16:22,037 - Loaded System Directive: org.apache.velocity.runtime.directive.Define
2014-04-26 01:16:22,038 - Loaded System Directive: org.apache.velocity.runtime.directive.Break
2014-04-26 01:16:22,039 - Loaded System Directive: org.apache.velocity.runtime.directive.Evaluate
2014-04-26 01:16:22,039 - Loaded System Directive: org.apache.velocity.runtime.directive.Literal
2014-04-26 01:16:22,042 - Loaded System Directive: org.apache.velocity.runtime.directive.Macro
2014-04-26 01:16:22,043 - Loaded System Directive: org.apache.velocity.runtime.directive.Parse
2014-04-26 01:16:22,045 - Loaded System Directive: org.apache.velocity.runtime.directive.Include
2014-04-26 01:16:22,047 - Loaded System Directive: org.apache.velocity.runtime.directive.Foreach
2014-04-26 01:16:22,090 - Created '20' parsers.
2014-04-26 01:16:22,100 - Velocimacro : "velocimacro.library" is not set.  Trying default library: VM_global_library.vm
2014-04-26 01:16:22,101 - Velocimacro : Default library not found.
2014-04-26 01:16:22,101 - Velocimacro : allowInline = true : VMs can be defined inline in templates
2014-04-26 01:16:22,101 - Velocimacro : allowInlineToOverride = false : VMs defined inline may NOT replace previous VM definitions
2014-04-26 01:16:22,101 - Velocimacro : allowInlineLocal = false : VMs defined inline will be global in scope if allowed.
2014-04-26 01:16:22,101 - Velocimacro : autoload off : VM system will not automatically reload global library macros
2014-04-26 01:16:22,122 - ResourceManager : found conf/template.vm with loader org.apache.velocity.runtime.resource.loader.FileResourceLoader
2014-04-26 01:18:44,487 - Log4JLogChute initialized using file 'velocity.log'
2014-04-26 01:18:44,488 - Initializing Velocity, Calling init()...
2014-04-26 01:18:44,488 - Starting Apache Velocity v1.7 (compiled: 2010-11-19 12:14:37)
2014-04-26 01:18:44,488 - Default Properties File: org\apache\velocity\runtime\defaults\velocity.properties
2014-04-26 01:18:44,488 - Trying to use logger class org.apache.velocity.runtime.log.AvalonLogChute
2014-04-26 01:18:44,488 - Target log system for org.apache.velocity.runtime.log.AvalonLogChute is not available (java.lang.NoClassDefFoundError: org/apache/log/format/Formatter).  Falling back to next log system...
2014-04-26 01:18:44,488 - Trying to use logger class org.apache.velocity.runtime.log.Log4JLogChute
2014-04-26 01:18:44,488 - Using logger class org.apache.velocity.runtime.log.Log4JLogChute
2014-04-26 01:18:44,494 - ResourceLoader instantiated: org.apache.velocity.runtime.resource.loader.FileResourceLoader
2014-04-26 01:18:44,496 - Do unicode file recognition:  false
2014-04-26 01:18:44,496 - FileResourceLoader : adding path '.'
2014-04-26 01:18:44,512 - ResourceCache: initialized (class org.apache.velocity.runtime.resource.ResourceCacheImpl) with class java.util.Collections$SynchronizedMap cache map.
2014-04-26 01:18:44,514 - Loaded System Directive: org.apache.velocity.runtime.directive.Stop
2014-04-26 01:18:44,515 - Loaded System Directive: org.apache.velocity.runtime.directive.Define
2014-04-26 01:18:44,517 - Loaded System Directive: org.apache.velocity.runtime.directive.Break
2014-04-26 01:18:44,518 - Loaded System Directive: org.apache.velocity.runtime.directive.Evaluate
2014-04-26 01:18:44,518 - Loaded System Directive: org.apache.velocity.runtime.directive.Literal
2014-04-26 01:18:44,520 - Loaded System Directive: org.apache.velocity.runtime.directive.Macro
2014-04-26 01:18:44,522 - Loaded System Directive: org.apache.velocity.runtime.directive.Parse
2014-04-26 01:18:44,524 - Loaded System Directive: org.apache.velocity.runtime.directive.Include
2014-04-26 01:18:44,525 - Loaded System Directive: org.apache.velocity.runtime.directive.Foreach
2014-04-26 01:18:44,577 - Created '20' parsers.
2014-04-26 01:18:44,585 - Velocimacro : "velocimacro.library" is not set.  Trying default library: VM_global_library.vm
2014-04-26 01:18:44,586 - Velocimacro : Default library not found.
2014-04-26 01:18:44,586 - Velocimacro : allowInline = true : VMs can be defined inline in templates
2014-04-26 01:18:44,586 - Velocimacro : allowInlineToOverride = false : VMs defined inline may NOT replace previous VM definitions
2014-04-26 01:18:44,586 - Velocimacro : allowInlineLocal = false : VMs defined inline will be global in scope if allowed.
2014-04-26 01:18:44,586 - Velocimacro : autoload off : VM system will not automatically reload global library macros
2014-04-26 01:18:44,608 - ResourceManager : found conf/template.vm with loader org.apache.velocity.runtime.resource.loader.FileResourceLoader
2014-04-26 01:26:32,264 - Log4JLogChute initialized using file 'velocity.log'
2014-04-26 01:26:32,265 - Initializing Velocity, Calling init()...
2014-04-26 01:26:32,265 - Starting Apache Velocity v1.7 (compiled: 2010-11-19 12:14:37)
2014-04-26 01:26:32,265 - Default Properties File: org\apache\velocity\runtime\defaults\velocity.properties
2014-04-26 01:26:32,265 - Trying to use logger class org.apache.velocity.runtime.log.AvalonLogChute
2014-04-26 01:26:32,265 - Target log system for org.apache.velocity.runtime.log.AvalonLogChute is not available (java.lang.NoClassDefFoundError: org/apache/log/format/Formatter).  Falling back to next log system...
2014-04-26 01:26:32,265 - Trying to use logger class org.apache.velocity.runtime.log.Log4JLogChute
2014-04-26 01:26:32,265 - Using logger class org.apache.velocity.runtime.log.Log4JLogChute
2014-04-26 01:26:32,273 - ResourceLoader instantiated: org.apache.velocity.runtime.resource.loader.FileResourceLoader
2014-04-26 01:26:32,275 - Do unicode file recognition:  false
2014-04-26 01:26:32,275 - FileResourceLoader : adding path '.'
2014-04-26 01:26:32,292 - ResourceCache: initialized (class org.apache.velocity.runtime.resource.ResourceCacheImpl) with class java.util.Collections$SynchronizedMap cache map.
2014-04-26 01:26:32,293 - Loaded System Directive: org.apache.velocity.runtime.directive.Stop
2014-04-26 01:26:32,295 - Loaded System Directive: org.apache.velocity.runtime.directive.Define
2014-04-26 01:26:32,296 - Loaded System Directive: org.apache.velocity.runtime.directive.Break
2014-04-26 01:26:32,297 - Loaded System Directive: org.apache.velocity.runtime.directive.Evaluate
2014-04-26 01:26:32,298 - Loaded System Directive: org.apache.velocity.runtime.directive.Literal
2014-04-26 01:26:32,300 - Loaded System Directive: org.apache.velocity.runtime.directive.Macro
2014-04-26 01:26:32,301 - Loaded System Directive: org.apache.velocity.runtime.directive.Parse
2014-04-26 01:26:32,303 - Loaded System Directive: org.apache.velocity.runtime.directive.Include
2014-04-26 01:26:32,304 - Loaded System Directive: org.apache.velocity.runtime.directive.Foreach
2014-04-26 01:26:32,368 - Created '20' parsers.
2014-04-26 01:26:32,380 - Velocimacro : "velocimacro.library" is not set.  Trying default library: VM_global_library.vm
2014-04-26 01:26:32,380 - Velocimacro : Default library not found.
2014-04-26 01:26:32,380 - Velocimacro : allowInline = true : VMs can be defined inline in templates
2014-04-26 01:26:32,380 - Velocimacro : allowInlineToOverride = false : VMs defined inline may NOT replace previous VM definitions
2014-04-26 01:26:32,380 - Velocimacro : allowInlineLocal = false : VMs defined inline will be global in scope if allowed.
2014-04-26 01:26:32,380 - Velocimacro : autoload off : VM system will not automatically reload global library macros
2014-04-26 01:26:32,404 - ResourceManager : found conf/template.vm with loader org.apache.velocity.runtime.resource.loader.FileResourceLoader
2014-04-26 01:27:30,270 - Log4JLogChute initialized using file 'velocity.log'
2014-04-26 01:27:30,271 - Initializing Velocity, Calling init()...
2014-04-26 01:27:30,271 - Starting Apache Velocity v1.7 (compiled: 2010-11-19 12:14:37)
2014-04-26 01:27:30,271 - Default Properties File: org\apache\velocity\runtime\defaults\velocity.properties
2014-04-26 01:27:30,271 - Trying to use logger class org.apache.velocity.runtime.log.AvalonLogChute
2014-04-26 01:27:30,271 - Target log system for org.apache.velocity.runtime.log.AvalonLogChute is not available (java.lang.NoClassDefFoundError: org/apache/log/format/Formatter).  Falling back to next log system...
2014-04-26 01:27:30,271 - Trying to use logger class org.apache.velocity.runtime.log.Log4JLogChute
2014-04-26 01:27:30,271 - Using logger class org.apache.velocity.runtime.log.Log4JLogChute
2014-04-26 01:27:30,279 - ResourceLoader instantiated: org.apache.velocity.runtime.resource.loader.FileResourceLoader
2014-04-26 01:27:30,281 - Do unicode file recognition:  false
2014-04-26 01:27:30,281 - FileResourceLoader : adding path '.'
2014-04-26 01:27:30,413 - ResourceCache: initialized (class org.apache.velocity.runtime.resource.ResourceCacheImpl) with class java.util.Collections$SynchronizedMap cache map.
2014-04-26 01:27:30,414 - Loaded System Directive: org.apache.velocity.runtime.directive.Stop
2014-04-26 01:27:30,416 - Loaded System Directive: org.apache.velocity.runtime.directive.Define
2014-04-26 01:27:30,417 - Loaded System Directive: org.apache.velocity.runtime.directive.Break
2014-04-26 01:27:30,418 - Loaded System Directive: org.apache.velocity.runtime.directive.Evaluate
2014-04-26 01:27:30,419 - Loaded System Directive: org.apache.velocity.runtime.directive.Literal
2014-04-26 01:27:30,421 - Loaded System Directive: org.apache.velocity.runtime.directive.Macro
2014-04-26 01:27:30,423 - Loaded System Directive: org.apache.velocity.runtime.directive.Parse
2014-04-26 01:27:30,428 - Loaded System Directive: org.apache.velocity.runtime.directive.Include
2014-04-26 01:27:30,432 - Loaded System Directive: org.apache.velocity.runtime.directive.Foreach
2014-04-26 01:27:30,499 - Created '20' parsers.
2014-04-26 01:27:30,512 - Velocimacro : "velocimacro.library" is not set.  Trying default library: VM_global_library.vm
2014-04-26 01:27:30,513 - Velocimacro : Default library not found.
2014-04-26 01:27:30,513 - Velocimacro : allowInline = true : VMs can be defined inline in templates
2014-04-26 01:27:30,513 - Velocimacro : allowInlineToOverride = false : VMs defined inline may NOT replace previous VM definitions
2014-04-26 01:27:30,513 - Velocimacro : allowInlineLocal = false : VMs defined inline will be global in scope if allowed.
2014-04-26 01:27:30,513 - Velocimacro : autoload off : VM system will not automatically reload global library macros
2014-04-26 01:27:30,533 - ResourceManager : found conf/template.vm with loader org.apache.velocity.runtime.resource.loader.FileResourceLoader
2014-04-26 01:30:15,414 - Log4JLogChute initialized using file 'velocity.log'
2014-04-26 01:30:15,415 - Initializing Velocity, Calling init()...
2014-04-26 01:30:15,415 - Starting Apache Velocity v1.7 (compiled: 2010-11-19 12:14:37)
2014-04-26 01:30:15,415 - Default Properties File: org\apache\velocity\runtime\defaults\velocity.properties
2014-04-26 01:30:15,415 - Trying to use logger class org.apache.velocity.runtime.log.AvalonLogChute
2014-04-26 01:30:15,415 - Target log system for org.apache.velocity.runtime.log.AvalonLogChute is not available (java.lang.NoClassDefFoundError: org/apache/log/format/Formatter).  Falling back to next log system...
2014-04-26 01:30:15,415 - Trying to use logger class org.apache.velocity.runtime.log.Log4JLogChute
2014-04-26 01:30:15,415 - Using logger class org.apache.velocity.runtime.log.Log4JLogChute
2014-04-26 01:30:15,422 - ResourceLoader instantiated: org.apache.velocity.runtime.resource.loader.FileResourceLoader
2014-04-26 01:30:15,424 - Do unicode file recognition:  false
2014-04-26 01:30:15,424 - FileResourceLoader : adding path '.'
2014-04-26 01:30:15,464 - ResourceCache: initialized (class org.apache.velocity.runtime.resource.ResourceCacheImpl) with class java.util.Collections$SynchronizedMap cache map.
2014-04-26 01:30:15,466 - Loaded System Directive: org.apache.velocity.runtime.directive.Stop
2014-04-26 01:30:15,468 - Loaded System Directive: org.apache.velocity.runtime.directive.Define
2014-04-26 01:30:15,469 - Loaded System Directive: org.apache.velocity.runtime.directive.Break
2014-04-26 01:30:15,470 - Loaded System Directive: org.apache.velocity.runtime.directive.Evaluate
2014-04-26 01:30:15,471 - Loaded System Directive: org.apache.velocity.runtime.directive.Literal
2014-04-26 01:30:15,473 - Loaded System Directive: org.apache.velocity.runtime.directive.Macro
2014-04-26 01:30:15,474 - Loaded System Directive: org.apache.velocity.runtime.directive.Parse
2014-04-26 01:30:15,476 - Loaded System Directive: org.apache.velocity.runtime.directive.Include
2014-04-26 01:30:15,479 - Loaded System Directive: org.apache.velocity.runtime.directive.Foreach
2014-04-26 01:30:15,559 - Created '20' parsers.
2014-04-26 01:30:15,570 - Velocimacro : "velocimacro.library" is not set.  Trying default library: VM_global_library.vm
2014-04-26 01:30:15,570 - Velocimacro : Default library not found.
2014-04-26 01:30:15,570 - Velocimacro : allowInline = true : VMs can be defined inline in templates
2014-04-26 01:30:15,570 - Velocimacro : allowInlineToOverride = false : VMs defined inline may NOT replace previous VM definitions
2014-04-26 01:30:15,570 - Velocimacro : allowInlineLocal = false : VMs defined inline will be global in scope if allowed.
2014-04-26 01:30:15,570 - Velocimacro : autoload off : VM system will not automatically reload global library macros
2014-04-26 01:30:15,592 - ResourceManager : found conf/template.vm with loader org.apache.velocity.runtime.resource.loader.FileResourceLoader
2014-04-26 01:32:26,815 - Log4JLogChute initialized using file 'velocity.log'
2014-04-26 01:32:26,816 - Initializing Velocity, Calling init()...
2014-04-26 01:32:26,816 - Starting Apache Velocity v1.7 (compiled: 2010-11-19 12:14:37)
2014-04-26 01:32:26,816 - Default Properties File: org\apache\velocity\runtime\defaults\velocity.properties
2014-04-26 01:32:26,816 - Trying to use logger class org.apache.velocity.runtime.log.AvalonLogChute
2014-04-26 01:32:26,816 - Target log system for org.apache.velocity.runtime.log.AvalonLogChute is not available (java.lang.NoClassDefFoundError: org/apache/log/format/Formatter).  Falling back to next log system...
2014-04-26 01:32:26,816 - Trying to use logger class org.apache.velocity.runtime.log.Log4JLogChute
2014-04-26 01:32:26,816 - Using logger class org.apache.velocity.runtime.log.Log4JLogChute
2014-04-26 01:32:26,826 - ResourceLoader instantiated: org.apache.velocity.runtime.resource.loader.FileResourceLoader
2014-04-26 01:32:26,827 - Do unicode file recognition:  false
2014-04-26 01:32:26,827 - FileResourceLoader : adding path '.'
2014-04-26 01:32:26,845 - ResourceCache: initialized (class org.apache.velocity.runtime.resource.ResourceCacheImpl) with class java.util.Collections$SynchronizedMap cache map.
2014-04-26 01:32:26,847 - Loaded System Directive: org.apache.velocity.runtime.directive.Stop
2014-04-26 01:32:26,849 - Loaded System Directive: org.apache.velocity.runtime.directive.Define
2014-04-26 01:32:26,850 - Loaded System Directive: org.apache.velocity.runtime.directive.Break
2014-04-26 01:32:26,851 - Loaded System Directive: org.apache.velocity.runtime.directive.Evaluate
2014-04-26 01:32:26,851 - Loaded System Directive: org.apache.velocity.runtime.directive.Literal
2014-04-26 01:32:26,853 - Loaded System Directive: org.apache.velocity.runtime.directive.Macro
2014-04-26 01:32:26,855 - Loaded System Directive: org.apache.velocity.runtime.directive.Parse
2014-04-26 01:32:26,856 - Loaded System Directive: org.apache.velocity.runtime.directive.Include
2014-04-26 01:32:26,858 - Loaded System Directive: org.apache.velocity.runtime.directive.Foreach
2014-04-26 01:32:26,917 - Created '20' parsers.
2014-04-26 01:32:26,926 - Velocimacro : "velocimacro.library" is not set.  Trying default library: VM_global_library.vm
2014-04-26 01:32:26,926 - Velocimacro : Default library not found.
2014-04-26 01:32:26,926 - Velocimacro : allowInline = true : VMs can be defined inline in templates
2014-04-26 01:32:26,926 - Velocimacro : allowInlineToOverride = false : VMs defined inline may NOT replace previous VM definitions
2014-04-26 01:32:26,926 - Velocimacro : allowInlineLocal = false : VMs defined inline will be global in scope if allowed.
2014-04-26 01:32:26,926 - Velocimacro : autoload off : VM system will not automatically reload global library macros
2014-04-26 01:32:26,947 - ResourceManager : found conf/template.vm with loader org.apache.velocity.runtime.resource.loader.FileResourceLoader
2014-04-26 01:34:02,531 - Log4JLogChute initialized using file 'velocity.log'
2014-04-26 01:34:02,531 - Initializing Velocity, Calling init()...
2014-04-26 01:34:02,531 - Starting Apache Velocity v1.7 (compiled: 2010-11-19 12:14:37)
2014-04-26 01:34:02,532 - Default Properties File: org\apache\velocity\runtime\defaults\velocity.properties
2014-04-26 01:34:02,532 - Trying to use logger class org.apache.velocity.runtime.log.AvalonLogChute
2014-04-26 01:34:02,532 - Target log system for org.apache.velocity.runtime.log.AvalonLogChute is not available (java.lang.NoClassDefFoundError: org/apache/log/format/Formatter).  Falling back to next log system...
2014-04-26 01:34:02,532 - Trying to use logger class org.apache.velocity.runtime.log.Log4JLogChute
2014-04-26 01:34:02,532 - Using logger class org.apache.velocity.runtime.log.Log4JLogChute
2014-04-26 01:34:02,539 - ResourceLoader instantiated: org.apache.velocity.runtime.resource.loader.FileResourceLoader
2014-04-26 01:34:02,541 - Do unicode file recognition:  false
2014-04-26 01:34:02,541 - FileResourceLoader : adding path '.'
2014-04-26 01:34:02,559 - ResourceCache: initialized (class org.apache.velocity.runtime.resource.ResourceCacheImpl) with class java.util.Collections$SynchronizedMap cache map.
2014-04-26 01:34:02,561 - Loaded System Directive: org.apache.velocity.runtime.directive.Stop
2014-04-26 01:34:02,562 - Loaded System Directive: org.apache.velocity.runtime.directive.Define
2014-04-26 01:34:02,566 - Loaded System Directive: org.apache.velocity.runtime.directive.Break
2014-04-26 01:34:02,568 - Loaded System Directive: org.apache.velocity.runtime.directive.Evaluate
2014-04-26 01:34:02,569 - Loaded System Directive: org.apache.velocity.runtime.directive.Literal
2014-04-26 01:34:02,570 - Loaded System Directive: org.apache.velocity.runtime.directive.Macro
2014-04-26 01:34:02,572 - Loaded System Directive: org.apache.velocity.runtime.directive.Parse
2014-04-26 01:34:02,574 - Loaded System Directive: org.apache.velocity.runtime.directive.Include
2014-04-26 01:34:02,575 - Loaded System Directive: org.apache.velocity.runtime.directive.Foreach
2014-04-26 01:34:02,643 - Created '20' parsers.
2014-04-26 01:34:02,652 - Velocimacro : "velocimacro.library" is not set.  Trying default library: VM_global_library.vm
2014-04-26 01:34:02,653 - Velocimacro : Default library not found.
2014-04-26 01:34:02,653 - Velocimacro : allowInline = true : VMs can be defined inline in templates
2014-04-26 01:34:02,653 - Velocimacro : allowInlineToOverride = false : VMs defined inline may NOT replace previous VM definitions
2014-04-26 01:34:02,653 - Velocimacro : allowInlineLocal = false : VMs defined inline will be global in scope if allowed.
2014-04-26 01:34:02,653 - Velocimacro : autoload off : VM system will not automatically reload global library macros
2014-04-26 01:34:02,678 - ResourceManager : found conf/template.vm with loader org.apache.velocity.runtime.resource.loader.FileResourceLoader
2014-04-26 01:34:25,150 - Log4JLogChute initialized using file 'velocity.log'
2014-04-26 01:34:25,151 - Initializing Velocity, Calling init()...
2014-04-26 01:34:25,151 - Starting Apache Velocity v1.7 (compiled: 2010-11-19 12:14:37)
2014-04-26 01:34:25,151 - Default Properties File: org\apache\velocity\runtime\defaults\velocity.properties
2014-04-26 01:34:25,151 - Trying to use logger class org.apache.velocity.runtime.log.AvalonLogChute
2014-04-26 01:34:25,151 - Target log system for org.apache.velocity.runtime.log.AvalonLogChute is not available (java.lang.NoClassDefFoundError: org/apache/log/format/Formatter).  Falling back to next log system...
2014-04-26 01:34:25,151 - Trying to use logger class org.apache.velocity.runtime.log.Log4JLogChute
2014-04-26 01:34:25,151 - Using logger class org.apache.velocity.runtime.log.Log4JLogChute
2014-04-26 01:34:25,159 - ResourceLoader instantiated: org.apache.velocity.runtime.resource.loader.FileResourceLoader
2014-04-26 01:34:25,160 - Do unicode file recognition:  false
2014-04-26 01:34:25,160 - FileResourceLoader : adding path '.'
2014-04-26 01:34:25,177 - ResourceCache: initialized (class org.apache.velocity.runtime.resource.ResourceCacheImpl) with class java.util.Collections$SynchronizedMap cache map.
2014-04-26 01:34:25,179 - Loaded System Directive: org.apache.velocity.runtime.directive.Stop
2014-04-26 01:34:25,181 - Loaded System Directive: org.apache.velocity.runtime.directive.Define
2014-04-26 01:34:25,181 - Loaded System Directive: org.apache.velocity.runtime.directive.Break
2014-04-26 01:34:25,182 - Loaded System Directive: org.apache.velocity.runtime.directive.Evaluate
2014-04-26 01:34:25,183 - Loaded System Directive: org.apache.velocity.runtime.directive.Literal
2014-04-26 01:34:25,185 - Loaded System Directive: org.apache.velocity.runtime.directive.Macro
2014-04-26 01:34:25,187 - Loaded System Directive: org.apache.velocity.runtime.directive.Parse
2014-04-26 01:34:25,189 - Loaded System Directive: org.apache.velocity.runtime.directive.Include
2014-04-26 01:34:25,190 - Loaded System Directive: org.apache.velocity.runtime.directive.Foreach
2014-04-26 01:34:25,234 - Created '20' parsers.
2014-04-26 01:34:25,242 - Velocimacro : "velocimacro.library" is not set.  Trying default library: VM_global_library.vm
2014-04-26 01:34:25,243 - Velocimacro : Default library not found.
2014-04-26 01:34:25,243 - Velocimacro : allowInline = true : VMs can be defined inline in templates
2014-04-26 01:34:25,243 - Velocimacro : allowInlineToOverride = false : VMs defined inline may NOT replace previous VM definitions
2014-04-26 01:34:25,243 - Velocimacro : allowInlineLocal = false : VMs defined inline will be global in scope if allowed.
2014-04-26 01:34:25,243 - Velocimacro : autoload off : VM system will not automatically reload global library macros
2014-04-26 01:34:25,262 - ResourceManager : found conf/template.vm with loader org.apache.velocity.runtime.resource.loader.FileResourceLoader
2014-04-26 01:35:26,635 - Log4JLogChute initialized using file 'velocity.log'
2014-04-26 01:35:26,635 - Initializing Velocity, Calling init()...
2014-04-26 01:35:26,636 - Starting Apache Velocity v1.7 (compiled: 2010-11-19 12:14:37)
2014-04-26 01:35:26,636 - Default Properties File: org\apache\velocity\runtime\defaults\velocity.properties
2014-04-26 01:35:26,636 - Trying to use logger class org.apache.velocity.runtime.log.AvalonLogChute
2014-04-26 01:35:26,636 - Target log system for org.apache.velocity.runtime.log.AvalonLogChute is not available (java.lang.NoClassDefFoundError: org/apache/log/format/Formatter).  Falling back to next log system...
2014-04-26 01:35:26,636 - Trying to use logger class org.apache.velocity.runtime.log.Log4JLogChute
2014-04-26 01:35:26,636 - Using logger class org.apache.velocity.runtime.log.Log4JLogChute
2014-04-26 01:35:26,644 - ResourceLoader instantiated: org.apache.velocity.runtime.resource.loader.FileResourceLoader
2014-04-26 01:35:26,645 - Do unicode file recognition:  false
2014-04-26 01:35:26,645 - FileResourceLoader : adding path '.'
2014-04-26 01:35:26,662 - ResourceCache: initialized (class org.apache.velocity.runtime.resource.ResourceCacheImpl) with class java.util.Collections$SynchronizedMap cache map.
2014-04-26 01:35:26,664 - Loaded System Directive: org.apache.velocity.runtime.directive.Stop
2014-04-26 01:35:26,666 - Loaded System Directive: org.apache.velocity.runtime.directive.Define
2014-04-26 01:35:26,667 - Loaded System Directive: org.apache.velocity.runtime.directive.Break
2014-04-26 01:35:26,668 - Loaded System Directive: org.apache.velocity.runtime.directive.Evaluate
2014-04-26 01:35:26,669 - Loaded System Directive: org.apache.velocity.runtime.directive.Literal
2014-04-26 01:35:26,671 - Loaded System Directive: org.apache.velocity.runtime.directive.Macro
2014-04-26 01:35:26,673 - Loaded System Directive: org.apache.velocity.runtime.directive.Parse
2014-04-26 01:35:26,675 - Loaded System Directive: org.apache.velocity.runtime.directive.Include
2014-04-26 01:35:26,676 - Loaded System Directive: org.apache.velocity.runtime.directive.Foreach
2014-04-26 01:35:26,755 - Created '20' parsers.
2014-04-26 01:35:26,764 - Velocimacro : "velocimacro.library" is not set.  Trying default library: VM_global_library.vm
2014-04-26 01:35:26,764 - Velocimacro : Default library not found.
2014-04-26 01:35:26,764 - Velocimacro : allowInline = true : VMs can be defined inline in templates
2014-04-26 01:35:26,765 - Velocimacro : allowInlineToOverride = false : VMs defined inline may NOT replace previous VM definitions
2014-04-26 01:35:26,765 - Velocimacro : allowInlineLocal = false : VMs defined inline will be global in scope if allowed.
2014-04-26 01:35:26,765 - Velocimacro : autoload off : VM system will not automatically reload global library macros
2014-04-26 01:35:26,784 - ResourceManager : found conf/template.vm with loader org.apache.velocity.runtime.resource.loader.FileResourceLoader
2014-04-26 01:35:43,179 - Log4JLogChute initialized using file 'velocity.log'
2014-04-26 01:35:43,180 - Initializing Velocity, Calling init()...
2014-04-26 01:35:43,180 - Starting Apache Velocity v1.7 (compiled: 2010-11-19 12:14:37)
2014-04-26 01:35:43,180 - Default Properties File: org\apache\velocity\runtime\defaults\velocity.properties
2014-04-26 01:35:43,180 - Trying to use logger class org.apache.velocity.runtime.log.AvalonLogChute
2014-04-26 01:35:43,180 - Target log system for org.apache.velocity.runtime.log.AvalonLogChute is not available (java.lang.NoClassDefFoundError: org/apache/log/format/Formatter).  Falling back to next log system...
2014-04-26 01:35:43,180 - Trying to use logger class org.apache.velocity.runtime.log.Log4JLogChute
2014-04-26 01:35:43,180 - Using logger class org.apache.velocity.runtime.log.Log4JLogChute
2014-04-26 01:35:43,188 - ResourceLoader instantiated: org.apache.velocity.runtime.resource.loader.FileResourceLoader
2014-04-26 01:35:43,189 - Do unicode file recognition:  false
2014-04-26 01:35:43,189 - FileResourceLoader : adding path '.'
2014-04-26 01:35:43,207 - ResourceCache: initialized (class org.apache.velocity.runtime.resource.ResourceCacheImpl) with class java.util.Collections$SynchronizedMap cache map.
2014-04-26 01:35:43,209 - Loaded System Directive: org.apache.velocity.runtime.directive.Stop
2014-04-26 01:35:43,210 - Loaded System Directive: org.apache.velocity.runtime.directive.Define
2014-04-26 01:35:43,211 - Loaded System Directive: org.apache.velocity.runtime.directive.Break
2014-04-26 01:35:43,212 - Loaded System Directive: org.apache.velocity.runtime.directive.Evaluate
2014-04-26 01:35:43,213 - Loaded System Directive: org.apache.velocity.runtime.directive.Literal
2014-04-26 01:35:43,220 - Loaded System Directive: org.apache.velocity.runtime.directive.Macro
2014-04-26 01:35:43,222 - Loaded System Directive: org.apache.velocity.runtime.directive.Parse
2014-04-26 01:35:43,225 - Loaded System Directive: org.apache.velocity.runtime.directive.Include
2014-04-26 01:35:43,227 - Loaded System Directive: org.apache.velocity.runtime.directive.Foreach
2014-04-26 01:35:43,271 - Created '20' parsers.
2014-04-26 01:35:43,280 - Velocimacro : "velocimacro.library" is not set.  Trying default library: VM_global_library.vm
2014-04-26 01:35:43,281 - Velocimacro : Default library not found.
2014-04-26 01:35:43,281 - Velocimacro : allowInline = true : VMs can be defined inline in templates
2014-04-26 01:35:43,281 - Velocimacro : allowInlineToOverride = false : VMs defined inline may NOT replace previous VM definitions
2014-04-26 01:35:43,281 - Velocimacro : allowInlineLocal = false : VMs defined inline will be global in scope if allowed.
2014-04-26 01:35:43,281 - Velocimacro : autoload off : VM system will not automatically reload global library macros
2014-04-26 01:35:43,310 - ResourceManager : found conf/template.vm with loader org.apache.velocity.runtime.resource.loader.FileResourceLoader
2014-04-26 01:38:12,425 - Log4JLogChute initialized using file 'velocity.log'
2014-04-26 01:38:12,425 - Initializing Velocity, Calling init()...
2014-04-26 01:38:12,425 - Starting Apache Velocity v1.7 (compiled: 2010-11-19 12:14:37)
2014-04-26 01:38:12,425 - Default Properties File: org\apache\velocity\runtime\defaults\velocity.properties
2014-04-26 01:38:12,425 - Trying to use logger class org.apache.velocity.runtime.log.AvalonLogChute
2014-04-26 01:38:12,425 - Target log system for org.apache.velocity.runtime.log.AvalonLogChute is not available (java.lang.NoClassDefFoundError: org/apache/log/format/Formatter).  Falling back to next log system...
2014-04-26 01:38:12,426 - Trying to use logger class org.apache.velocity.runtime.log.Log4JLogChute
2014-04-26 01:38:12,426 - Using logger class org.apache.velocity.runtime.log.Log4JLogChute
2014-04-26 01:38:12,432 - ResourceLoader instantiated: org.apache.velocity.runtime.resource.loader.FileResourceLoader
2014-04-26 01:38:12,434 - Do unicode file recognition:  false
2014-04-26 01:38:12,434 - FileResourceLoader : adding path '.'
2014-04-26 01:38:12,456 - ResourceCache: initialized (class org.apache.velocity.runtime.resource.ResourceCacheImpl) with class java.util.Collections$SynchronizedMap cache map.
2014-04-26 01:38:12,459 - Loaded System Directive: org.apache.velocity.runtime.directive.Stop
2014-04-26 01:38:12,460 - Loaded System Directive: org.apache.velocity.runtime.directive.Define
2014-04-26 01:38:12,463 - Loaded System Directive: org.apache.velocity.runtime.directive.Break
2014-04-26 01:38:12,465 - Loaded System Directive: org.apache.velocity.runtime.directive.Evaluate
2014-04-26 01:38:12,465 - Loaded System Directive: org.apache.velocity.runtime.directive.Literal
2014-04-26 01:38:12,467 - Loaded System Directive: org.apache.velocity.runtime.directive.Macro
2014-04-26 01:38:12,469 - Loaded System Directive: org.apache.velocity.runtime.directive.Parse
2014-04-26 01:38:12,472 - Loaded System Directive: org.apache.velocity.runtime.directive.Include
2014-04-26 01:38:12,474 - Loaded System Directive: org.apache.velocity.runtime.directive.Foreach
2014-04-26 01:38:12,547 - Created '20' parsers.
2014-04-26 01:38:12,558 - Velocimacro : "velocimacro.library" is not set.  Trying default library: VM_global_library.vm
2014-04-26 01:38:12,558 - Velocimacro : Default library not found.
2014-04-26 01:38:12,558 - Velocimacro : allowInline = true : VMs can be defined inline in templates
2014-04-26 01:38:12,558 - Velocimacro : allowInlineToOverride = false : VMs defined inline may NOT replace previous VM definitions
2014-04-26 01:38:12,558 - Velocimacro : allowInlineLocal = false : VMs defined inline will be global in scope if allowed.
2014-04-26 01:38:12,559 - Velocimacro : autoload off : VM system will not automatically reload global library macros
2014-04-26 01:38:12,591 - ResourceManager : found conf/template.vm with loader org.apache.velocity.runtime.resource.loader.FileResourceLoader
2014-04-26 01:43:34,535 - Log4JLogChute initialized using file 'velocity.log'
2014-04-26 01:43:34,535 - Initializing Velocity, Calling init()...
2014-04-26 01:43:34,536 - Starting Apache Velocity v1.7 (compiled: 2010-11-19 12:14:37)
2014-04-26 01:43:34,536 - Default Properties File: org\apache\velocity\runtime\defaults\velocity.properties
2014-04-26 01:43:34,536 - Trying to use logger class org.apache.velocity.runtime.log.AvalonLogChute
2014-04-26 01:43:34,536 - Target log system for org.apache.velocity.runtime.log.AvalonLogChute is not available (java.lang.NoClassDefFoundError: org/apache/log/format/Formatter).  Falling back to next log system...
2014-04-26 01:43:34,536 - Trying to use logger class org.apache.velocity.runtime.log.Log4JLogChute
2014-04-26 01:43:34,536 - Using logger class org.apache.velocity.runtime.log.Log4JLogChute
2014-04-26 01:43:34,543 - ResourceLoader instantiated: org.apache.velocity.runtime.resource.loader.FileResourceLoader
2014-04-26 01:43:34,545 - Do unicode file recognition:  false
2014-04-26 01:43:34,545 - FileResourceLoader : adding path '.'
2014-04-26 01:43:34,568 - ResourceCache: initialized (class org.apache.velocity.runtime.resource.ResourceCacheImpl) with class java.util.Collections$SynchronizedMap cache map.
2014-04-26 01:43:34,570 - Loaded System Directive: org.apache.velocity.runtime.directive.Stop
2014-04-26 01:43:34,572 - Loaded System Directive: org.apache.velocity.runtime.directive.Define
2014-04-26 01:43:34,573 - Loaded System Directive: org.apache.velocity.runtime.directive.Break
2014-04-26 01:43:34,574 - Loaded System Directive: org.apache.velocity.runtime.directive.Evaluate
2014-04-26 01:43:34,576 - Loaded System Directive: org.apache.velocity.runtime.directive.Literal
2014-04-26 01:43:34,579 - Loaded System Directive: org.apache.velocity.runtime.directive.Macro
2014-04-26 01:43:34,582 - Loaded System Directive: org.apache.velocity.runtime.directive.Parse
2014-04-26 01:43:34,584 - Loaded System Directive: org.apache.velocity.runtime.directive.Include
2014-04-26 01:43:34,585 - Loaded System Directive: org.apache.velocity.runtime.directive.Foreach
2014-04-26 01:43:34,643 - Created '20' parsers.
2014-04-26 01:43:34,653 - Velocimacro : "velocimacro.library" is not set.  Trying default library: VM_global_library.vm
2014-04-26 01:43:34,653 - Velocimacro : Default library not found.
2014-04-26 01:43:34,653 - Velocimacro : allowInline = true : VMs can be defined inline in templates
2014-04-26 01:43:34,653 - Velocimacro : allowInlineToOverride = false : VMs defined inline may NOT replace previous VM definitions
2014-04-26 01:43:34,653 - Velocimacro : allowInlineLocal = false : VMs defined inline will be global in scope if allowed.
2014-04-26 01:43:34,653 - Velocimacro : autoload off : VM system will not automatically reload global library macros
2014-04-26 01:43:34,683 - ResourceManager : found conf/template.vm with loader org.apache.velocity.runtime.resource.loader.FileResourceLoader
2014-04-26 01:45:58,559 - Log4JLogChute initialized using file 'velocity.log'
2014-04-26 01:45:58,559 - Initializing Velocity, Calling init()...
2014-04-26 01:45:58,559 - Starting Apache Velocity v1.7 (compiled: 2010-11-19 12:14:37)
2014-04-26 01:45:58,559 - Default Properties File: org\apache\velocity\runtime\defaults\velocity.properties
2014-04-26 01:45:58,559 - Trying to use logger class org.apache.velocity.runtime.log.AvalonLogChute
2014-04-26 01:45:58,559 - Target log system for org.apache.velocity.runtime.log.AvalonLogChute is not available (java.lang.NoClassDefFoundError: org/apache/log/format/Formatter).  Falling back to next log system...
2014-04-26 01:45:58,559 - Trying to use logger class org.apache.velocity.runtime.log.Log4JLogChute
2014-04-26 01:45:58,559 - Using logger class org.apache.velocity.runtime.log.Log4JLogChute
2014-04-26 01:45:58,567 - ResourceLoader instantiated: org.apache.velocity.runtime.resource.loader.FileResourceLoader
2014-04-26 01:45:58,568 - Do unicode file recognition:  false
2014-04-26 01:45:58,568 - FileResourceLoader : adding path '.'
2014-04-26 01:45:58,585 - ResourceCache: initialized (class org.apache.velocity.runtime.resource.ResourceCacheImpl) with class java.util.Collections$SynchronizedMap cache map.
2014-04-26 01:45:58,586 - Loaded System Directive: org.apache.velocity.runtime.directive.Stop
2014-04-26 01:45:58,588 - Loaded System Directive: org.apache.velocity.runtime.directive.Define
2014-04-26 01:45:58,589 - Loaded System Directive: org.apache.velocity.runtime.directive.Break
2014-04-26 01:45:58,590 - Loaded System Directive: org.apache.velocity.runtime.directive.Evaluate
2014-04-26 01:45:58,591 - Loaded System Directive: org.apache.velocity.runtime.directive.Literal
2014-04-26 01:45:58,593 - Loaded System Directive: org.apache.velocity.runtime.directive.Macro
2014-04-26 01:45:58,595 - Loaded System Directive: org.apache.velocity.runtime.directive.Parse
2014-04-26 01:45:58,596 - Loaded System Directive: org.apache.velocity.runtime.directive.Include
2014-04-26 01:45:58,598 - Loaded System Directive: org.apache.velocity.runtime.directive.Foreach
2014-04-26 01:45:58,646 - Created '20' parsers.
2014-04-26 01:45:58,654 - Velocimacro : "velocimacro.library" is not set.  Trying default library: VM_global_library.vm
2014-04-26 01:45:58,654 - Velocimacro : Default library not found.
2014-04-26 01:45:58,654 - Velocimacro : allowInline = true : VMs can be defined inline in templates
2014-04-26 01:45:58,655 - Velocimacro : allowInlineToOverride = false : VMs defined inline may NOT replace previous VM definitions
2014-04-26 01:45:58,655 - Velocimacro : allowInlineLocal = false : VMs defined inline will be global in scope if allowed.
2014-04-26 01:45:58,655 - Velocimacro : autoload off : VM system will not automatically reload global library macros
2014-04-26 01:45:58,678 - ResourceManager : found conf/template.vm with loader org.apache.velocity.runtime.resource.loader.FileResourceLoader
2014-04-26 01:46:12,353 - Log4JLogChute initialized using file 'velocity.log'
2014-04-26 01:46:12,354 - Initializing Velocity, Calling init()...
2014-04-26 01:46:12,354 - Starting Apache Velocity v1.7 (compiled: 2010-11-19 12:14:37)
2014-04-26 01:46:12,354 - Default Properties File: org\apache\velocity\runtime\defaults\velocity.properties
2014-04-26 01:46:12,354 - Trying to use logger class org.apache.velocity.runtime.log.AvalonLogChute
2014-04-26 01:46:12,354 - Target log system for org.apache.velocity.runtime.log.AvalonLogChute is not available (java.lang.NoClassDefFoundError: org/apache/log/format/Formatter).  Falling back to next log system...
2014-04-26 01:46:12,354 - Trying to use logger class org.apache.velocity.runtime.log.Log4JLogChute
2014-04-26 01:46:12,354 - Using logger class org.apache.velocity.runtime.log.Log4JLogChute
2014-04-26 01:46:12,360 - ResourceLoader instantiated: org.apache.velocity.runtime.resource.loader.FileResourceLoader
2014-04-26 01:46:12,362 - Do unicode file recognition:  false
2014-04-26 01:46:12,362 - FileResourceLoader : adding path '.'
2014-04-26 01:46:12,377 - ResourceCache: initialized (class org.apache.velocity.runtime.resource.ResourceCacheImpl) with class java.util.Collections$SynchronizedMap cache map.
2014-04-26 01:46:12,379 - Loaded System Directive: org.apache.velocity.runtime.directive.Stop
2014-04-26 01:46:12,380 - Loaded System Directive: org.apache.velocity.runtime.directive.Define
2014-04-26 01:46:12,381 - Loaded System Directive: org.apache.velocity.runtime.directive.Break
2014-04-26 01:46:12,382 - Loaded System Directive: org.apache.velocity.runtime.directive.Evaluate
2014-04-26 01:46:12,382 - Loaded System Directive: org.apache.velocity.runtime.directive.Literal
2014-04-26 01:46:12,384 - Loaded System Directive: org.apache.velocity.runtime.directive.Macro
2014-04-26 01:46:12,385 - Loaded System Directive: org.apache.velocity.runtime.directive.Parse
2014-04-26 01:46:12,387 - Loaded System Directive: org.apache.velocity.runtime.directive.Include
2014-04-26 01:46:12,388 - Loaded System Directive: org.apache.velocity.runtime.directive.Foreach
2014-04-26 01:46:12,429 - Created '20' parsers.
2014-04-26 01:46:12,437 - Velocimacro : "velocimacro.library" is not set.  Trying default library: VM_global_library.vm
2014-04-26 01:46:12,437 - Velocimacro : Default library not found.
2014-04-26 01:46:12,437 - Velocimacro : allowInline = true : VMs can be defined inline in templates
2014-04-26 01:46:12,438 - Velocimacro : allowInlineToOverride = false : VMs defined inline may NOT replace previous VM definitions
2014-04-26 01:46:12,438 - Velocimacro : allowInlineLocal = false : VMs defined inline will be global in scope if allowed.
2014-04-26 01:46:12,438 - Velocimacro : autoload off : VM system will not automatically reload global library macros
2014-04-26 01:46:12,457 - ResourceManager : found conf/template.vm with loader org.apache.velocity.runtime.resource.loader.FileResourceLoader
2014-04-26 01:46:39,899 - Log4JLogChute initialized using file 'velocity.log'
2014-04-26 01:46:39,899 - Initializing Velocity, Calling init()...
2014-04-26 01:46:39,900 - Starting Apache Velocity v1.7 (compiled: 2010-11-19 12:14:37)
2014-04-26 01:46:39,900 - Default Properties File: org\apache\velocity\runtime\defaults\velocity.properties
2014-04-26 01:46:39,900 - Trying to use logger class org.apache.velocity.runtime.log.AvalonLogChute
2014-04-26 01:46:39,900 - Target log system for org.apache.velocity.runtime.log.AvalonLogChute is not available (java.lang.NoClassDefFoundError: org/apache/log/format/Formatter).  Falling back to next log system...
2014-04-26 01:46:39,900 - Trying to use logger class org.apache.velocity.runtime.log.Log4JLogChute
2014-04-26 01:46:39,900 - Using logger class org.apache.velocity.runtime.log.Log4JLogChute
2014-04-26 01:46:39,908 - ResourceLoader instantiated: org.apache.velocity.runtime.resource.loader.FileResourceLoader
2014-04-26 01:46:39,910 - Do unicode file recognition:  false
2014-04-26 01:46:39,910 - FileResourceLoader : adding path '.'
2014-04-26 01:46:39,928 - ResourceCache: initialized (class org.apache.velocity.runtime.resource.ResourceCacheImpl) with class java.util.Collections$SynchronizedMap cache map.
2014-04-26 01:46:39,930 - Loaded System Directive: org.apache.velocity.runtime.directive.Stop
2014-04-26 01:46:39,932 - Loaded System Directive: org.apache.velocity.runtime.directive.Define
2014-04-26 01:46:39,933 - Loaded System Directive: org.apache.velocity.runtime.directive.Break
2014-04-26 01:46:39,935 - Loaded System Directive: org.apache.velocity.runtime.directive.Evaluate
2014-04-26 01:46:39,936 - Loaded System Directive: org.apache.velocity.runtime.directive.Literal
2014-04-26 01:46:39,937 - Loaded System Directive: org.apache.velocity.runtime.directive.Macro
2014-04-26 01:46:39,939 - Loaded System Directive: org.apache.velocity.runtime.directive.Parse
2014-04-26 01:46:39,941 - Loaded System Directive: org.apache.velocity.runtime.directive.Include
2014-04-26 01:46:39,943 - Loaded System Directive: org.apache.velocity.runtime.directive.Foreach
2014-04-26 01:46:40,008 - Created '20' parsers.
2014-04-26 01:46:40,017 - Velocimacro : "velocimacro.library" is not set.  Trying default library: VM_global_library.vm
2014-04-26 01:46:40,018 - Velocimacro : Default library not found.
2014-04-26 01:46:40,018 - Velocimacro : allowInline = true : VMs can be defined inline in templates
2014-04-26 01:46:40,018 - Velocimacro : allowInlineToOverride = false : VMs defined inline may NOT replace previous VM definitions
2014-04-26 01:46:40,018 - Velocimacro : allowInlineLocal = false : VMs defined inline will be global in scope if allowed.
2014-04-26 01:46:40,018 - Velocimacro : autoload off : VM system will not automatically reload global library macros
2014-04-26 01:46:40,038 - ResourceManager : found conf/template.vm with loader org.apache.velocity.runtime.resource.loader.FileResourceLoader
2014-04-26 01:50:57,821 - Log4JLogChute initialized using file 'velocity.log'
2014-04-26 01:50:57,821 - Initializing Velocity, Calling init()...
2014-04-26 01:50:57,821 - Starting Apache Velocity v1.7 (compiled: 2010-11-19 12:14:37)
2014-04-26 01:50:57,821 - Default Properties File: org\apache\velocity\runtime\defaults\velocity.properties
2014-04-26 01:50:57,822 - Trying to use logger class org.apache.velocity.runtime.log.AvalonLogChute
2014-04-26 01:50:57,822 - Target log system for org.apache.velocity.runtime.log.AvalonLogChute is not available (java.lang.NoClassDefFoundError: org/apache/log/format/Formatter).  Falling back to next log system...
2014-04-26 01:50:57,822 - Trying to use logger class org.apache.velocity.runtime.log.Log4JLogChute
2014-04-26 01:50:57,822 - Using logger class org.apache.velocity.runtime.log.Log4JLogChute
2014-04-26 01:50:57,828 - ResourceLoader instantiated: org.apache.velocity.runtime.resource.loader.FileResourceLoader
2014-04-26 01:50:57,830 - Do unicode file recognition:  false
2014-04-26 01:50:57,830 - FileResourceLoader : adding path '.'
2014-04-26 01:50:57,847 - ResourceCache: initialized (class org.apache.velocity.runtime.resource.ResourceCacheImpl) with class java.util.Collections$SynchronizedMap cache map.
2014-04-26 01:50:57,848 - Loaded System Directive: org.apache.velocity.runtime.directive.Stop
2014-04-26 01:50:57,850 - Loaded System Directive: org.apache.velocity.runtime.directive.Define
2014-04-26 01:50:57,851 - Loaded System Directive: org.apache.velocity.runtime.directive.Break
2014-04-26 01:50:57,852 - Loaded System Directive: org.apache.velocity.runtime.directive.Evaluate
2014-04-26 01:50:57,853 - Loaded System Directive: org.apache.velocity.runtime.directive.Literal
2014-04-26 01:50:57,855 - Loaded System Directive: org.apache.velocity.runtime.directive.Macro
2014-04-26 01:50:57,857 - Loaded System Directive: org.apache.velocity.runtime.directive.Parse
2014-04-26 01:50:57,859 - Loaded System Directive: org.apache.velocity.runtime.directive.Include
2014-04-26 01:50:57,860 - Loaded System Directive: org.apache.velocity.runtime.directive.Foreach
2014-04-26 01:50:57,909 - Created '20' parsers.
2014-04-26 01:50:57,918 - Velocimacro : "velocimacro.library" is not set.  Trying default library: VM_global_library.vm
2014-04-26 01:50:57,918 - Velocimacro : Default library not found.
2014-04-26 01:50:57,918 - Velocimacro : allowInline = true : VMs can be defined inline in templates
2014-04-26 01:50:57,918 - Velocimacro : allowInlineToOverride = false : VMs defined inline may NOT replace previous VM definitions
2014-04-26 01:50:57,918 - Velocimacro : allowInlineLocal = false : VMs defined inline will be global in scope if allowed.
2014-04-26 01:50:57,919 - Velocimacro : autoload off : VM system will not automatically reload global library macros
2014-04-26 01:50:57,940 - ResourceManager : found conf/template.vm with loader org.apache.velocity.runtime.resource.loader.FileResourceLoader
2014-04-26 01:51:30,496 - Log4JLogChute initialized using file 'velocity.log'
2014-04-26 01:51:30,496 - Initializing Velocity, Calling init()...
2014-04-26 01:51:30,496 - Starting Apache Velocity v1.7 (compiled: 2010-11-19 12:14:37)
2014-04-26 01:51:30,496 - Default Properties File: org\apache\velocity\runtime\defaults\velocity.properties
2014-04-26 01:51:30,496 - Trying to use logger class org.apache.velocity.runtime.log.AvalonLogChute
2014-04-26 01:51:30,496 - Target log system for org.apache.velocity.runtime.log.AvalonLogChute is not available (java.lang.NoClassDefFoundError: org/apache/log/format/Formatter).  Falling back to next log system...
2014-04-26 01:51:30,496 - Trying to use logger class org.apache.velocity.runtime.log.Log4JLogChute
2014-04-26 01:51:30,496 - Using logger class org.apache.velocity.runtime.log.Log4JLogChute
2014-04-26 01:51:30,503 - ResourceLoader instantiated: org.apache.velocity.runtime.resource.loader.FileResourceLoader
2014-04-26 01:51:30,504 - Do unicode file recognition:  false
2014-04-26 01:51:30,504 - FileResourceLoader : adding path '.'
2014-04-26 01:51:30,519 - ResourceCache: initialized (class org.apache.velocity.runtime.resource.ResourceCacheImpl) with class java.util.Collections$SynchronizedMap cache map.
2014-04-26 01:51:30,521 - Loaded System Directive: org.apache.velocity.runtime.directive.Stop
2014-04-26 01:51:30,522 - Loaded System Directive: org.apache.velocity.runtime.directive.Define
2014-04-26 01:51:30,523 - Loaded System Directive: org.apache.velocity.runtime.directive.Break
2014-04-26 01:51:30,524 - Loaded System Directive: org.apache.velocity.runtime.directive.Evaluate
2014-04-26 01:51:30,525 - Loaded System Directive: org.apache.velocity.runtime.directive.Literal
2014-04-26 01:51:30,526 - Loaded System Directive: org.apache.velocity.runtime.directive.Macro
2014-04-26 01:51:30,528 - Loaded System Directive: org.apache.velocity.runtime.directive.Parse
2014-04-26 01:51:30,529 - Loaded System Directive: org.apache.velocity.runtime.directive.Include
2014-04-26 01:51:30,531 - Loaded System Directive: org.apache.velocity.runtime.directive.Foreach
2014-04-26 01:51:30,571 - Created '20' parsers.
2014-04-26 01:51:30,581 - Velocimacro : "velocimacro.library" is not set.  Trying default library: VM_global_library.vm
2014-04-26 01:51:30,581 - Velocimacro : Default library not found.
2014-04-26 01:51:30,581 - Velocimacro : allowInline = true : VMs can be defined inline in templates
2014-04-26 01:51:30,581 - Velocimacro : allowInlineToOverride = false : VMs defined inline may NOT replace previous VM definitions
2014-04-26 01:51:30,581 - Velocimacro : allowInlineLocal = false : VMs defined inline will be global in scope if allowed.
2014-04-26 01:51:30,581 - Velocimacro : autoload off : VM system will not automatically reload global library macros
2014-04-26 01:51:30,603 - ResourceManager : found conf/template.vm with loader org.apache.velocity.runtime.resource.loader.FileResourceLoader
2014-04-26 01:51:49,457 - Log4JLogChute initialized using file 'velocity.log'
2014-04-26 01:51:49,458 - Initializing Velocity, Calling init()...
2014-04-26 01:51:49,458 - Starting Apache Velocity v1.7 (compiled: 2010-11-19 12:14:37)
2014-04-26 01:51:49,458 - Default Properties File: org\apache\velocity\runtime\defaults\velocity.properties
2014-04-26 01:51:49,458 - Trying to use logger class org.apache.velocity.runtime.log.AvalonLogChute
2014-04-26 01:51:49,458 - Target log system for org.apache.velocity.runtime.log.AvalonLogChute is not available (java.lang.NoClassDefFoundError: org/apache/log/format/Formatter).  Falling back to next log system...
2014-04-26 01:51:49,458 - Trying to use logger class org.apache.velocity.runtime.log.Log4JLogChute
2014-04-26 01:51:49,458 - Using logger class org.apache.velocity.runtime.log.Log4JLogChute
2014-04-26 01:51:49,465 - ResourceLoader instantiated: org.apache.velocity.runtime.resource.loader.FileResourceLoader
2014-04-26 01:51:49,466 - Do unicode file recognition:  false
2014-04-26 01:51:49,466 - FileResourceLoader : adding path '.'
2014-04-26 01:51:49,483 - ResourceCache: initialized (class org.apache.velocity.runtime.resource.ResourceCacheImpl) with class java.util.Collections$SynchronizedMap cache map.
2014-04-26 01:51:49,485 - Loaded System Directive: org.apache.velocity.runtime.directive.Stop
2014-04-26 01:51:49,487 - Loaded System Directive: org.apache.velocity.runtime.directive.Define
2014-04-26 01:51:49,488 - Loaded System Directive: org.apache.velocity.runtime.directive.Break
2014-04-26 01:51:49,489 - Loaded System Directive: org.apache.velocity.runtime.directive.Evaluate
2014-04-26 01:51:49,489 - Loaded System Directive: org.apache.velocity.runtime.directive.Literal
2014-04-26 01:51:49,491 - Loaded System Directive: org.apache.velocity.runtime.directive.Macro
2014-04-26 01:51:49,492 - Loaded System Directive: org.apache.velocity.runtime.directive.Parse
2014-04-26 01:51:49,494 - Loaded System Directive: org.apache.velocity.runtime.directive.Include
2014-04-26 01:51:49,495 - Loaded System Directive: org.apache.velocity.runtime.directive.Foreach
2014-04-26 01:51:49,535 - Created '20' parsers.
2014-04-26 01:51:49,543 - Velocimacro : "velocimacro.library" is not set.  Trying default library: VM_global_library.vm
2014-04-26 01:51:49,543 - Velocimacro : Default library not found.
2014-04-26 01:51:49,543 - Velocimacro : allowInline = true : VMs can be defined inline in templates
2014-04-26 01:51:49,543 - Velocimacro : allowInlineToOverride = false : VMs defined inline may NOT replace previous VM definitions
2014-04-26 01:51:49,543 - Velocimacro : allowInlineLocal = false : VMs defined inline will be global in scope if allowed.
2014-04-26 01:51:49,543 - Velocimacro : autoload off : VM system will not automatically reload global library macros
2014-04-26 01:51:49,562 - ResourceManager : found conf/template.vm with loader org.apache.velocity.runtime.resource.loader.FileResourceLoader
2014-04-26 02:09:33,377 - Log4JLogChute initialized using file 'velocity.log'
2014-04-26 02:09:33,378 - Initializing Velocity, Calling init()...
2014-04-26 02:09:33,378 - Starting Apache Velocity v1.7 (compiled: 2010-11-19 12:14:37)
2014-04-26 02:09:33,378 - Default Properties File: org\apache\velocity\runtime\defaults\velocity.properties
2014-04-26 02:09:33,378 - Trying to use logger class org.apache.velocity.runtime.log.AvalonLogChute
2014-04-26 02:09:33,378 - Target log system for org.apache.velocity.runtime.log.AvalonLogChute is not available (java.lang.NoClassDefFoundError: org/apache/log/format/Formatter).  Falling back to next log system...
2014-04-26 02:09:33,378 - Trying to use logger class org.apache.velocity.runtime.log.Log4JLogChute
2014-04-26 02:09:33,378 - Using logger class org.apache.velocity.runtime.log.Log4JLogChute
2014-04-26 02:09:33,384 - ResourceLoader instantiated: org.apache.velocity.runtime.resource.loader.FileResourceLoader
2014-04-26 02:09:33,385 - Do unicode file recognition:  false
2014-04-26 02:09:33,385 - FileResourceLoader : adding path '.'
2014-04-26 02:09:33,401 - ResourceCache: initialized (class org.apache.velocity.runtime.resource.ResourceCacheImpl) with class java.util.Collections$SynchronizedMap cache map.
2014-04-26 02:09:33,403 - Loaded System Directive: org.apache.velocity.runtime.directive.Stop
2014-04-26 02:09:33,404 - Loaded System Directive: org.apache.velocity.runtime.directive.Define
2014-04-26 02:09:33,405 - Loaded System Directive: org.apache.velocity.runtime.directive.Break
2014-04-26 02:09:33,406 - Loaded System Directive: org.apache.velocity.runtime.directive.Evaluate
2014-04-26 02:09:33,407 - Loaded System Directive: org.apache.velocity.runtime.directive.Literal
2014-04-26 02:09:33,408 - Loaded System Directive: org.apache.velocity.runtime.directive.Macro
2014-04-26 02:09:33,410 - Loaded System Directive: org.apache.velocity.runtime.directive.Parse
2014-04-26 02:09:33,412 - Loaded System Directive: org.apache.velocity.runtime.directive.Include
2014-04-26 02:09:33,413 - Loaded System Directive: org.apache.velocity.runtime.directive.Foreach
2014-04-26 02:09:33,454 - Created '20' parsers.
2014-04-26 02:09:33,464 - Velocimacro : "velocimacro.library" is not set.  Trying default library: VM_global_library.vm
2014-04-26 02:09:33,464 - Velocimacro : Default library not found.
2014-04-26 02:09:33,464 - Velocimacro : allowInline = true : VMs can be defined inline in templates
2014-04-26 02:09:33,464 - Velocimacro : allowInlineToOverride = false : VMs defined inline may NOT replace previous VM definitions
2014-04-26 02:09:33,464 - Velocimacro : allowInlineLocal = false : VMs defined inline will be global in scope if allowed.
2014-04-26 02:09:33,464 - Velocimacro : autoload off : VM system will not automatically reload global library macros
2014-04-26 02:09:33,485 - ResourceManager : found conf/template.vm with loader org.apache.velocity.runtime.resource.loader.FileResourceLoader
2014-04-26 02:17:07,299 - Log4JLogChute initialized using file 'velocity.log'
2014-04-26 02:17:07,300 - Initializing Velocity, Calling init()...
2014-04-26 02:17:07,300 - Starting Apache Velocity v1.7 (compiled: 2010-11-19 12:14:37)
2014-04-26 02:17:07,300 - Default Properties File: org\apache\velocity\runtime\defaults\velocity.properties
2014-04-26 02:17:07,301 - Trying to use logger class org.apache.velocity.runtime.log.AvalonLogChute
2014-04-26 02:17:07,301 - Target log system for org.apache.velocity.runtime.log.AvalonLogChute is not available (java.lang.NoClassDefFoundError: org/apache/log/format/Formatter).  Falling back to next log system...
2014-04-26 02:17:07,301 - Trying to use logger class org.apache.velocity.runtime.log.Log4JLogChute
2014-04-26 02:17:07,301 - Using logger class org.apache.velocity.runtime.log.Log4JLogChute
2014-04-26 02:17:07,316 - ResourceLoader instantiated: org.apache.velocity.runtime.resource.loader.FileResourceLoader
2014-04-26 02:17:07,323 - Do unicode file recognition:  false
2014-04-26 02:17:07,323 - FileResourceLoader : adding path '.'
2014-04-26 02:17:07,352 - ResourceCache: initialized (class org.apache.velocity.runtime.resource.ResourceCacheImpl) with class java.util.Collections$SynchronizedMap cache map.
2014-04-26 02:17:07,356 - Loaded System Directive: org.apache.velocity.runtime.directive.Stop
2014-04-26 02:17:07,358 - Loaded System Directive: org.apache.velocity.runtime.directive.Define
2014-04-26 02:17:07,359 - Loaded System Directive: org.apache.velocity.runtime.directive.Break
2014-04-26 02:17:07,362 - Loaded System Directive: org.apache.velocity.runtime.directive.Evaluate
2014-04-26 02:17:07,363 - Loaded System Directive: org.apache.velocity.runtime.directive.Literal
2014-04-26 02:17:07,368 - Loaded System Directive: org.apache.velocity.runtime.directive.Macro
2014-04-26 02:17:07,370 - Loaded System Directive: org.apache.velocity.runtime.directive.Parse
2014-04-26 02:17:07,372 - Loaded System Directive: org.apache.velocity.runtime.directive.Include
2014-04-26 02:17:07,374 - Loaded System Directive: org.apache.velocity.runtime.directive.Foreach
2014-04-26 02:17:07,439 - Created '20' parsers.
2014-04-26 02:17:07,449 - Velocimacro : "velocimacro.library" is not set.  Trying default library: VM_global_library.vm
2014-04-26 02:17:07,449 - Velocimacro : Default library not found.
2014-04-26 02:17:07,449 - Velocimacro : allowInline = true : VMs can be defined inline in templates
2014-04-26 02:17:07,449 - Velocimacro : allowInlineToOverride = false : VMs defined inline may NOT replace previous VM definitions
2014-04-26 02:17:07,449 - Velocimacro : allowInlineLocal = false : VMs defined inline will be global in scope if allowed.
2014-04-26 02:17:07,449 - Velocimacro : autoload off : VM system will not automatically reload global library macros
2014-04-26 02:17:07,468 - ResourceManager : found conf/template.vm with loader org.apache.velocity.runtime.resource.loader.FileResourceLoader
2014-04-26 02:18:12,366 - Log4JLogChute initialized using file 'velocity.log'
2014-04-26 02:18:12,367 - Initializing Velocity, Calling init()...
2014-04-26 02:18:12,367 - Starting Apache Velocity v1.7 (compiled: 2010-11-19 12:14:37)
2014-04-26 02:18:12,367 - Default Properties File: org\apache\velocity\runtime\defaults\velocity.properties
2014-04-26 02:18:12,367 - Trying to use logger class org.apache.velocity.runtime.log.AvalonLogChute
2014-04-26 02:18:12,367 - Target log system for org.apache.velocity.runtime.log.AvalonLogChute is not available (java.lang.NoClassDefFoundError: org/apache/log/format/Formatter).  Falling back to next log system...
2014-04-26 02:18:12,367 - Trying to use logger class org.apache.velocity.runtime.log.Log4JLogChute
2014-04-26 02:18:12,367 - Using logger class org.apache.velocity.runtime.log.Log4JLogChute
2014-04-26 02:18:12,374 - ResourceLoader instantiated: org.apache.velocity.runtime.resource.loader.FileResourceLoader
2014-04-26 02:18:12,376 - Do unicode file recognition:  false
2014-04-26 02:18:12,376 - FileResourceLoader : adding path '.'
2014-04-26 02:18:12,391 - ResourceCache: initialized (class org.apache.velocity.runtime.resource.ResourceCacheImpl) with class java.util.Collections$SynchronizedMap cache map.
2014-04-26 02:18:12,393 - Loaded System Directive: org.apache.velocity.runtime.directive.Stop
2014-04-26 02:18:12,395 - Loaded System Directive: org.apache.velocity.runtime.directive.Define
2014-04-26 02:18:12,396 - Loaded System Directive: org.apache.velocity.runtime.directive.Break
2014-04-26 02:18:12,397 - Loaded System Directive: org.apache.velocity.runtime.directive.Evaluate
2014-04-26 02:18:12,398 - Loaded System Directive: org.apache.velocity.runtime.directive.Literal
2014-04-26 02:18:12,399 - Loaded System Directive: org.apache.velocity.runtime.directive.Macro
2014-04-26 02:18:12,402 - Loaded System Directive: org.apache.velocity.runtime.directive.Parse
2014-04-26 02:18:12,404 - Loaded System Directive: org.apache.velocity.runtime.directive.Include
2014-04-26 02:18:12,406 - Loaded System Directive: org.apache.velocity.runtime.directive.Foreach
2014-04-26 02:18:12,451 - Created '20' parsers.
2014-04-26 02:18:12,459 - Velocimacro : "velocimacro.library" is not set.  Trying default library: VM_global_library.vm
2014-04-26 02:18:12,460 - Velocimacro : Default library not found.
2014-04-26 02:18:12,460 - Velocimacro : allowInline = true : VMs can be defined inline in templates
2014-04-26 02:18:12,460 - Velocimacro : allowInlineToOverride = false : VMs defined inline may NOT replace previous VM definitions
2014-04-26 02:18:12,460 - Velocimacro : allowInlineLocal = false : VMs defined inline will be global in scope if allowed.
2014-04-26 02:18:12,460 - Velocimacro : autoload off : VM system will not automatically reload global library macros
2014-04-26 02:18:12,479 - ResourceManager : found conf/template.vm with loader org.apache.velocity.runtime.resource.loader.FileResourceLoader
2014-04-26 02:18:44,787 - Log4JLogChute initialized using file 'velocity.log'
2014-04-26 02:18:44,787 - Initializing Velocity, Calling init()...
2014-04-26 02:18:44,787 - Starting Apache Velocity v1.7 (compiled: 2010-11-19 12:14:37)
2014-04-26 02:18:44,787 - Default Properties File: org\apache\velocity\runtime\defaults\velocity.properties
2014-04-26 02:18:44,787 - Trying to use logger class org.apache.velocity.runtime.log.AvalonLogChute
2014-04-26 02:18:44,787 - Target log system for org.apache.velocity.runtime.log.AvalonLogChute is not available (java.lang.NoClassDefFoundError: org/apache/log/format/Formatter).  Falling back to next log system...
2014-04-26 02:18:44,788 - Trying to use logger class org.apache.velocity.runtime.log.Log4JLogChute
2014-04-26 02:18:44,788 - Using logger class org.apache.velocity.runtime.log.Log4JLogChute
2014-04-26 02:18:44,795 - ResourceLoader instantiated: org.apache.velocity.runtime.resource.loader.FileResourceLoader
2014-04-26 02:18:44,797 - Do unicode file recognition:  false
2014-04-26 02:18:44,797 - FileResourceLoader : adding path '.'
2014-04-26 02:18:44,818 - ResourceCache: initialized (class org.apache.velocity.runtime.resource.ResourceCacheImpl) with class java.util.Collections$SynchronizedMap cache map.
2014-04-26 02:18:44,820 - Loaded System Directive: org.apache.velocity.runtime.directive.Stop
2014-04-26 02:18:44,822 - Loaded System Directive: org.apache.velocity.runtime.directive.Define
2014-04-26 02:18:44,823 - Loaded System Directive: org.apache.velocity.runtime.directive.Break
2014-04-26 02:18:44,824 - Loaded System Directive: org.apache.velocity.runtime.directive.Evaluate
2014-04-26 02:18:44,824 - Loaded System Directive: org.apache.velocity.runtime.directive.Literal
2014-04-26 02:18:44,827 - Loaded System Directive: org.apache.velocity.runtime.directive.Macro
2014-04-26 02:18:44,828 - Loaded System Directive: org.apache.velocity.runtime.directive.Parse
2014-04-26 02:18:44,831 - Loaded System Directive: org.apache.velocity.runtime.directive.Include
2014-04-26 02:18:44,832 - Loaded System Directive: org.apache.velocity.runtime.directive.Foreach
2014-04-26 02:18:44,890 - Created '20' parsers.
2014-04-26 02:18:44,899 - Velocimacro : "velocimacro.library" is not set.  Trying default library: VM_global_library.vm
2014-04-26 02:18:44,899 - Velocimacro : Default library not found.
2014-04-26 02:18:44,899 - Velocimacro : allowInline = true : VMs can be defined inline in templates
2014-04-26 02:18:44,899 - Velocimacro : allowInlineToOverride = false : VMs defined inline may NOT replace previous VM definitions
2014-04-26 02:18:44,900 - Velocimacro : allowInlineLocal = false : VMs defined inline will be global in scope if allowed.
2014-04-26 02:18:44,900 - Velocimacro : autoload off : VM system will not automatically reload global library macros
2014-04-26 02:18:44,921 - ResourceManager : found conf/template.vm with loader org.apache.velocity.runtime.resource.loader.FileResourceLoader
2014-04-26 02:21:34,894 - Log4JLogChute initialized using file 'velocity.log'
2014-04-26 02:21:34,895 - Initializing Velocity, Calling init()...
2014-04-26 02:21:34,895 - Starting Apache Velocity v1.7 (compiled: 2010-11-19 12:14:37)
2014-04-26 02:21:34,895 - Default Properties File: org\apache\velocity\runtime\defaults\velocity.properties
2014-04-26 02:21:34,895 - Trying to use logger class org.apache.velocity.runtime.log.AvalonLogChute
2014-04-26 02:21:34,895 - Target log system for org.apache.velocity.runtime.log.AvalonLogChute is not available (java.lang.NoClassDefFoundError: org/apache/log/format/Formatter).  Falling back to next log system...
2014-04-26 02:21:34,895 - Trying to use logger class org.apache.velocity.runtime.log.Log4JLogChute
2014-04-26 02:21:34,895 - Using logger class org.apache.velocity.runtime.log.Log4JLogChute
2014-04-26 02:21:34,903 - ResourceLoader instantiated: org.apache.velocity.runtime.resource.loader.FileResourceLoader
2014-04-26 02:21:34,904 - Do unicode file recognition:  false
2014-04-26 02:21:34,904 - FileResourceLoader : adding path '.'
2014-04-26 02:21:34,923 - ResourceCache: initialized (class org.apache.velocity.runtime.resource.ResourceCacheImpl) with class java.util.Collections$SynchronizedMap cache map.
2014-04-26 02:21:34,926 - Loaded System Directive: org.apache.velocity.runtime.directive.Stop
2014-04-26 02:21:34,927 - Loaded System Directive: org.apache.velocity.runtime.directive.Define
2014-04-26 02:21:34,928 - Loaded System Directive: org.apache.velocity.runtime.directive.Break
2014-04-26 02:21:34,930 - Loaded System Directive: org.apache.velocity.runtime.directive.Evaluate
2014-04-26 02:21:34,931 - Loaded System Directive: org.apache.velocity.runtime.directive.Literal
2014-04-26 02:21:34,932 - Loaded System Directive: org.apache.velocity.runtime.directive.Macro
2014-04-26 02:21:34,934 - Loaded System Directive: org.apache.velocity.runtime.directive.Parse
2014-04-26 02:21:34,936 - Loaded System Directive: org.apache.velocity.runtime.directive.Include
2014-04-26 02:21:34,937 - Loaded System Directive: org.apache.velocity.runtime.directive.Foreach
2014-04-26 02:21:34,978 - Created '20' parsers.
2014-04-26 02:21:34,987 - Velocimacro : "velocimacro.library" is not set.  Trying default library: VM_global_library.vm
2014-04-26 02:21:34,987 - Velocimacro : Default library not found.
2014-04-26 02:21:34,987 - Velocimacro : allowInline = true : VMs can be defined inline in templates
2014-04-26 02:21:34,987 - Velocimacro : allowInlineToOverride = false : VMs defined inline may NOT replace previous VM definitions
2014-04-26 02:21:34,987 - Velocimacro : allowInlineLocal = false : VMs defined inline will be global in scope if allowed.
2014-04-26 02:21:34,987 - Velocimacro : autoload off : VM system will not automatically reload global library macros
2014-04-26 02:21:35,007 - ResourceManager : found conf/template.vm with loader org.apache.velocity.runtime.resource.loader.FileResourceLoader
2014-04-26 02:32:17,344 - Log4JLogChute initialized using file 'velocity.log'
2014-04-26 02:32:17,344 - Initializing Velocity, Calling init()...
2014-04-26 02:32:17,344 - Starting Apache Velocity v1.7 (compiled: 2010-11-19 12:14:37)
2014-04-26 02:32:17,344 - Default Properties File: org\apache\velocity\runtime\defaults\velocity.properties
2014-04-26 02:32:17,344 - Trying to use logger class org.apache.velocity.runtime.log.AvalonLogChute
2014-04-26 02:32:17,344 - Target log system for org.apache.velocity.runtime.log.AvalonLogChute is not available (java.lang.NoClassDefFoundError: org/apache/log/format/Formatter).  Falling back to next log system...
2014-04-26 02:32:17,345 - Trying to use logger class org.apache.velocity.runtime.log.Log4JLogChute
2014-04-26 02:32:17,345 - Using logger class org.apache.velocity.runtime.log.Log4JLogChute
2014-04-26 02:32:17,352 - ResourceLoader instantiated: org.apache.velocity.runtime.resource.loader.FileResourceLoader
2014-04-26 02:32:17,354 - Do unicode file recognition:  false
2014-04-26 02:32:17,354 - FileResourceLoader : adding path '.'
2014-04-26 02:32:17,372 - ResourceCache: initialized (class org.apache.velocity.runtime.resource.ResourceCacheImpl) with class java.util.Collections$SynchronizedMap cache map.
2014-04-26 02:32:17,374 - Loaded System Directive: org.apache.velocity.runtime.directive.Stop
2014-04-26 02:32:17,375 - Loaded System Directive: org.apache.velocity.runtime.directive.Define
2014-04-26 02:32:17,376 - Loaded System Directive: org.apache.velocity.runtime.directive.Break
2014-04-26 02:32:17,378 - Loaded System Directive: org.apache.velocity.runtime.directive.Evaluate
2014-04-26 02:32:17,379 - Loaded System Directive: org.apache.velocity.runtime.directive.Literal
2014-04-26 02:32:17,381 - Loaded System Directive: org.apache.velocity.runtime.directive.Macro
2014-04-26 02:32:17,383 - Loaded System Directive: org.apache.velocity.runtime.directive.Parse
2014-04-26 02:32:17,384 - Loaded System Directive: org.apache.velocity.runtime.directive.Include
2014-04-26 02:32:17,386 - Loaded System Directive: org.apache.velocity.runtime.directive.Foreach
2014-04-26 02:32:17,467 - Created '20' parsers.
2014-04-26 02:32:17,480 - Velocimacro : "velocimacro.library" is not set.  Trying default library: VM_global_library.vm
2014-04-26 02:32:17,480 - Velocimacro : Default library not found.
2014-04-26 02:32:17,480 - Velocimacro : allowInline = true : VMs can be defined inline in templates
2014-04-26 02:32:17,480 - Velocimacro : allowInlineToOverride = false : VMs defined inline may NOT replace previous VM definitions
2014-04-26 02:32:17,480 - Velocimacro : allowInlineLocal = false : VMs defined inline will be global in scope if allowed.
2014-04-26 02:32:17,480 - Velocimacro : autoload off : VM system will not automatically reload global library macros
2014-04-26 02:32:17,510 - ResourceManager : found conf/template.vm with loader org.apache.velocity.runtime.resource.loader.FileResourceLoader
2014-04-26 02:37:00,555 - Log4JLogChute initialized using file 'velocity.log'
2014-04-26 02:37:00,556 - Initializing Velocity, Calling init()...
2014-04-26 02:37:00,556 - Starting Apache Velocity v1.7 (compiled: 2010-11-19 12:14:37)
2014-04-26 02:37:00,556 - Default Properties File: org\apache\velocity\runtime\defaults\velocity.properties
2014-04-26 02:37:00,556 - Trying to use logger class org.apache.velocity.runtime.log.AvalonLogChute
2014-04-26 02:37:00,556 - Target log system for org.apache.velocity.runtime.log.AvalonLogChute is not available (java.lang.NoClassDefFoundError: org/apache/log/format/Formatter).  Falling back to next log system...
2014-04-26 02:37:00,556 - Trying to use logger class org.apache.velocity.runtime.log.Log4JLogChute
2014-04-26 02:37:00,557 - Using logger class org.apache.velocity.runtime.log.Log4JLogChute
2014-04-26 02:37:00,564 - ResourceLoader instantiated: org.apache.velocity.runtime.resource.loader.FileResourceLoader
2014-04-26 02:37:00,565 - Do unicode file recognition:  false
2014-04-26 02:37:00,565 - FileResourceLoader : adding path '.'
2014-04-26 02:37:00,587 - ResourceCache: initialized (class org.apache.velocity.runtime.resource.ResourceCacheImpl) with class java.util.Collections$SynchronizedMap cache map.
2014-04-26 02:37:00,589 - Loaded System Directive: org.apache.velocity.runtime.directive.Stop
2014-04-26 02:37:00,593 - Loaded System Directive: org.apache.velocity.runtime.directive.Define
2014-04-26 02:37:00,594 - Loaded System Directive: org.apache.velocity.runtime.directive.Break
2014-04-26 02:37:00,595 - Loaded System Directive: org.apache.velocity.runtime.directive.Evaluate
2014-04-26 02:37:00,595 - Loaded System Directive: org.apache.velocity.runtime.directive.Literal
2014-04-26 02:37:00,597 - Loaded System Directive: org.apache.velocity.runtime.directive.Macro
2014-04-26 02:37:00,599 - Loaded System Directive: org.apache.velocity.runtime.directive.Parse
2014-04-26 02:37:00,601 - Loaded System Directive: org.apache.velocity.runtime.directive.Include
2014-04-26 02:37:00,603 - Loaded System Directive: org.apache.velocity.runtime.directive.Foreach
2014-04-26 02:37:00,650 - Created '20' parsers.
2014-04-26 02:37:00,658 - Velocimacro : "velocimacro.library" is not set.  Trying default library: VM_global_library.vm
2014-04-26 02:37:00,658 - Velocimacro : Default library not found.
2014-04-26 02:37:00,658 - Velocimacro : allowInline = true : VMs can be defined inline in templates
2014-04-26 02:37:00,658 - Velocimacro : allowInlineToOverride = false : VMs defined inline may NOT replace previous VM definitions
2014-04-26 02:37:00,658 - Velocimacro : allowInlineLocal = false : VMs defined inline will be global in scope if allowed.
2014-04-26 02:37:00,659 - Velocimacro : autoload off : VM system will not automatically reload global library macros
2014-04-26 02:37:00,677 - ResourceManager : found conf/template.vm with loader org.apache.velocity.runtime.resource.loader.FileResourceLoader
2014-04-26 02:39:36,440 - Log4JLogChute initialized using file 'velocity.log'
2014-04-26 02:39:36,440 - Initializing Velocity, Calling init()...
2014-04-26 02:39:36,440 - Starting Apache Velocity v1.7 (compiled: 2010-11-19 12:14:37)
2014-04-26 02:39:36,440 - Default Properties File: org\apache\velocity\runtime\defaults\velocity.properties
2014-04-26 02:39:36,441 - Trying to use logger class org.apache.velocity.runtime.log.AvalonLogChute
2014-04-26 02:39:36,441 - Target log system for org.apache.velocity.runtime.log.AvalonLogChute is not available (java.lang.NoClassDefFoundError: org/apache/log/format/Formatter).  Falling back to next log system...
2014-04-26 02:39:36,441 - Trying to use logger class org.apache.velocity.runtime.log.Log4JLogChute
2014-04-26 02:39:36,441 - Using logger class org.apache.velocity.runtime.log.Log4JLogChute
2014-04-26 02:39:36,448 - ResourceLoader instantiated: org.apache.velocity.runtime.resource.loader.FileResourceLoader
2014-04-26 02:39:36,450 - Do unicode file recognition:  false
2014-04-26 02:39:36,450 - FileResourceLoader : adding path '.'
2014-04-26 02:39:36,468 - ResourceCache: initialized (class org.apache.velocity.runtime.resource.ResourceCacheImpl) with class java.util.Collections$SynchronizedMap cache map.
2014-04-26 02:39:36,469 - Loaded System Directive: org.apache.velocity.runtime.directive.Stop
2014-04-26 02:39:36,471 - Loaded System Directive: org.apache.velocity.runtime.directive.Define
2014-04-26 02:39:36,472 - Loaded System Directive: org.apache.velocity.runtime.directive.Break
2014-04-26 02:39:36,473 - Loaded System Directive: org.apache.velocity.runtime.directive.Evaluate
2014-04-26 02:39:36,473 - Loaded System Directive: org.apache.velocity.runtime.directive.Literal
2014-04-26 02:39:36,475 - Loaded System Directive: org.apache.velocity.runtime.directive.Macro
2014-04-26 02:39:36,476 - Loaded System Directive: org.apache.velocity.runtime.directive.Parse
2014-04-26 02:39:36,478 - Loaded System Directive: org.apache.velocity.runtime.directive.Include
2014-04-26 02:39:36,479 - Loaded System Directive: org.apache.velocity.runtime.directive.Foreach
2014-04-26 02:39:36,522 - Created '20' parsers.
2014-04-26 02:39:36,530 - Velocimacro : "velocimacro.library" is not set.  Trying default library: VM_global_library.vm
2014-04-26 02:39:36,530 - Velocimacro : Default library not found.
2014-04-26 02:39:36,530 - Velocimacro : allowInline = true : VMs can be defined inline in templates
2014-04-26 02:39:36,530 - Velocimacro : allowInlineToOverride = false : VMs defined inline may NOT replace previous VM definitions
2014-04-26 02:39:36,530 - Velocimacro : allowInlineLocal = false : VMs defined inline will be global in scope if allowed.
2014-04-26 02:39:36,530 - Velocimacro : autoload off : VM system will not automatically reload global library macros
2014-04-26 02:39:36,556 - ResourceManager : found conf/template.vm with loader org.apache.velocity.runtime.resource.loader.FileResourceLoader
2014-04-26 02:39:55,908 - Log4JLogChute initialized using file 'velocity.log'
2014-04-26 02:39:55,909 - Initializing Velocity, Calling init()...
2014-04-26 02:39:55,909 - Starting Apache Velocity v1.7 (compiled: 2010-11-19 12:14:37)
2014-04-26 02:39:55,909 - Default Properties File: org\apache\velocity\runtime\defaults\velocity.properties
2014-04-26 02:39:55,909 - Trying to use logger class org.apache.velocity.runtime.log.AvalonLogChute
2014-04-26 02:39:55,909 - Target log system for org.apache.velocity.runtime.log.AvalonLogChute is not available (java.lang.NoClassDefFoundError: org/apache/log/format/Formatter).  Falling back to next log system...
2014-04-26 02:39:55,909 - Trying to use logger class org.apache.velocity.runtime.log.Log4JLogChute
2014-04-26 02:39:55,909 - Using logger class org.apache.velocity.runtime.log.Log4JLogChute
2014-04-26 02:39:55,917 - ResourceLoader instantiated: org.apache.velocity.runtime.resource.loader.FileResourceLoader
2014-04-26 02:39:55,919 - Do unicode file recognition:  false
2014-04-26 02:39:55,919 - FileResourceLoader : adding path '.'
2014-04-26 02:39:55,938 - ResourceCache: initialized (class org.apache.velocity.runtime.resource.ResourceCacheImpl) with class java.util.Collections$SynchronizedMap cache map.
2014-04-26 02:39:55,940 - Loaded System Directive: org.apache.velocity.runtime.directive.Stop
2014-04-26 02:39:55,941 - Loaded System Directive: org.apache.velocity.runtime.directive.Define
2014-04-26 02:39:55,942 - Loaded System Directive: org.apache.velocity.runtime.directive.Break
2014-04-26 02:39:55,943 - Loaded System Directive: org.apache.velocity.runtime.directive.Evaluate
2014-04-26 02:39:55,944 - Loaded System Directive: org.apache.velocity.runtime.directive.Literal
2014-04-26 02:39:55,945 - Loaded System Directive: org.apache.velocity.runtime.directive.Macro
2014-04-26 02:39:55,947 - Loaded System Directive: org.apache.velocity.runtime.directive.Parse
2014-04-26 02:39:55,949 - Loaded System Directive: org.apache.velocity.runtime.directive.Include
2014-04-26 02:39:55,950 - Loaded System Directive: org.apache.velocity.runtime.directive.Foreach
2014-04-26 02:39:56,003 - Created '20' parsers.
2014-04-26 02:39:56,012 - Velocimacro : "velocimacro.library" is not set.  Trying default library: VM_global_library.vm
2014-04-26 02:39:56,013 - Velocimacro : Default library not found.
2014-04-26 02:39:56,013 - Velocimacro : allowInline = true : VMs can be defined inline in templates
2014-04-26 02:39:56,013 - Velocimacro : allowInlineToOverride = false : VMs defined inline may NOT replace previous VM definitions
2014-04-26 02:39:56,013 - Velocimacro : allowInlineLocal = false : VMs defined inline will be global in scope if allowed.
2014-04-26 02:39:56,013 - Velocimacro : autoload off : VM system will not automatically reload global library macros
2014-04-26 02:39:56,032 - ResourceManager : found conf/template.vm with loader org.apache.velocity.runtime.resource.loader.FileResourceLoader
